<?xml version="1.0" encoding="UTF-8"?>
<!-- Generated by org.testng.reporters.JUnitReportReporter -->
<testsuite skipped="0" hostname="DESKTOP-HROVEEM" name="UsTechSol.TestFlipKartSearchPage" tests="1" failures="0" timestamp="16 Aug 2020 16:53:15 GMT" time="70.552" errors="0">
  <testcase name="CloseLoginwindow" time="70.552" classname="UsTechSol.TestFlipKartSearchPage"/>
</testsuite> <!-- UsTechSol.TestFlipKartSearchPage -->
